This file contains any messages produced by compilers while
running configure, to aid debugging if configure makes a mistake.

It was created by can-utils configure trunk, which was
generated by GNU Autoconf 2.69.  Invocation command line was

  $ ./configure 

## --------- ##
## Platform. ##
## --------- ##

hostname = raspberrypi
uname -m = armv7l
uname -r = 3.18.11-v7+
uname -s = Linux
uname -v = #781 SMP PREEMPT Tue Apr 21 18:07:59 BST 2015

/usr/bin/uname -p = unknown
/bin/uname -X     = unknown

/bin/arch              = unknown
/usr/bin/arch -k       = unknown
/usr/convex/getsysinfo = unknown
/usr/bin/hostinfo      = unknown
/bin/machine           = unknown
/usr/bin/oslevel       = unknown
/bin/universe          = unknown

PATH: /usr/local/sbin
PATH: /usr/local/bin
PATH: /usr/sbin
PATH: /usr/bin
PATH: /sbin
PATH: /bin


## ----------- ##
## Core tests. ##
## ----------- ##

configure:2402: checking build system type
configure:2416: result: armv7l-unknown-linux-gnueabihf
configure:2436: checking host system type
configure:2449: result: armv7l-unknown-linux-gnueabihf
configure:2525: checking for gcc
configure:2541: found /usr/bin/gcc
configure:2552: result: gcc
configure:2781: checking for C compiler version
configure:2790: gcc --version >&5
gcc (Debian 4.6.3-14+rpi1) 4.6.3
Copyright (C) 2011 Free Software Foundation, Inc.
This is free software; see the source for copying conditions.  There is NO
warranty; not even for MERCHANTABILITY or FITNESS FOR A PARTICULAR PURPOSE.

configure:2801: $? = 0
configure:2790: gcc -v >&5
Using built-in specs.
COLLECT_GCC=gcc
COLLECT_LTO_WRAPPER=/usr/lib/gcc/arm-linux-gnueabihf/4.6/lto-wrapper
Target: arm-linux-gnueabihf
Configured with: ../src/configure -v --with-pkgversion='Debian 4.6.3-14+rpi1' --with-bugurl=file:///usr/share/doc/gcc-4.6/README.Bugs --enable-languages=c,c++,fortran,objc,obj-c++ --prefix=/usr --program-suffix=-4.6 --enable-shared --enable-linker-build-id --with-system-zlib --libexecdir=/usr/lib --without-included-gettext --enable-threads=posix --with-gxx-include-dir=/usr/include/c++/4.6 --libdir=/usr/lib --enable-nls --with-sysroot=/ --enable-clocale=gnu --enable-libstdcxx-debug --enable-libstdcxx-time=yes --enable-gnu-unique-object --enable-plugin --enable-objc-gc --disable-sjlj-exceptions --with-arch=armv6 --with-fpu=vfp --with-float=hard --enable-checking=release --build=arm-linux-gnueabihf --host=arm-linux-gnueabihf --target=arm-linux-gnueabihf
Thread model: posix
gcc version 4.6.3 (Debian 4.6.3-14+rpi1) 
configure:2801: $? = 0
configure:2790: gcc -V >&5
gcc: error: unrecognized option '-V'
gcc: fatal error: no input files
compilation terminated.
configure:2801: $? = 4
configure:2790: gcc -qversion >&5
gcc: error: unrecognized option '-qversion'
gcc: fatal error: no input files
compilation terminated.
configure:2801: $? = 4
configure:2821: checking whether the C compiler works
configure:2843: gcc  -Wall   conftest.c  >&5
configure:2847: $? = 0
configure:2895: result: yes
configure:2898: checking for C compiler default output file name
configure:2900: result: a.out
configure:2906: checking for suffix of executables
configure:2913: gcc -o conftest  -Wall   conftest.c  >&5
configure:2917: $? = 0
configure:2939: result: 
configure:2961: checking whether we are cross compiling
configure:2969: gcc -o conftest  -Wall   conftest.c  >&5
configure:2973: $? = 0
configure:2980: ./conftest
configure:2984: $? = 0
configure:2999: result: no
configure:3004: checking for suffix of object files
configure:3026: gcc -c  -Wall  conftest.c >&5
configure:3030: $? = 0
configure:3051: result: o
configure:3055: checking whether we are using the GNU C compiler
configure:3074: gcc -c  -Wall  conftest.c >&5
configure:3074: $? = 0
configure:3083: result: yes
configure:3092: checking whether gcc accepts -g
configure:3112: gcc -c -g  conftest.c >&5
configure:3112: $? = 0
configure:3153: result: yes
configure:3170: checking for gcc option to accept ISO C89
configure:3233: gcc  -c  -Wall  conftest.c >&5
configure:3233: $? = 0
configure:3246: result: none needed
configure:3312: checking how to print strings
configure:3339: result: printf
configure:3360: checking for a sed that does not truncate output
configure:3424: result: /bin/sed
configure:3442: checking for grep that handles long lines and -e
configure:3500: result: /bin/grep
configure:3505: checking for egrep
configure:3567: result: /bin/grep -E
configure:3572: checking for fgrep
configure:3634: result: /bin/grep -F
configure:3669: checking for ld used by gcc
configure:3736: result: /usr/bin/ld
configure:3743: checking if the linker (/usr/bin/ld) is GNU ld
configure:3758: result: yes
configure:3770: checking for BSD- or MS-compatible name lister (nm)
configure:3819: result: /usr/bin/nm -B
configure:3949: checking the name lister (/usr/bin/nm -B) interface
configure:3956: gcc -c  -Wall  conftest.c >&5
configure:3959: /usr/bin/nm -B "conftest.o"
configure:3962: output
00000000 B some_variable
configure:3969: result: BSD nm
configure:3972: checking whether ln -s works
configure:3976: result: yes
configure:3984: checking the maximum length of command line arguments
configure:4114: result: 1572864
configure:4131: checking whether the shell understands some XSI constructs
configure:4141: result: yes
configure:4145: checking whether the shell understands "+="
configure:4151: result: yes
configure:4186: checking how to convert armv7l-unknown-linux-gnueabihf file names to armv7l-unknown-linux-gnueabihf format
configure:4226: result: func_convert_file_noop
configure:4233: checking how to convert armv7l-unknown-linux-gnueabihf file names to toolchain format
configure:4253: result: func_convert_file_noop
configure:4260: checking for /usr/bin/ld option to reload object files
configure:4267: result: -r
configure:4341: checking for objdump
configure:4357: found /usr/bin/objdump
configure:4368: result: objdump
configure:4397: checking how to recognize dependent libraries
configure:4595: result: pass_all
configure:4680: checking for dlltool
configure:4710: result: no
configure:4737: checking how to associate runtime and link libraries
configure:4764: result: printf %s\n
configure:4825: checking for ar
configure:4841: found /usr/bin/ar
configure:4852: result: ar
configure:4889: checking for archiver @FILE support
configure:4906: gcc -c  -Wall  conftest.c >&5
configure:4906: $? = 0
configure:4909: ar cru libconftest.a @conftest.lst >&5
configure:4912: $? = 0
configure:4917: ar cru libconftest.a @conftest.lst >&5
ar: conftest.o: No such file or directory
configure:4920: $? = 1
configure:4932: result: @
configure:4990: checking for strip
configure:5006: found /usr/bin/strip
configure:5017: result: strip
configure:5089: checking for ranlib
configure:5105: found /usr/bin/ranlib
configure:5116: result: ranlib
configure:5193: checking for gawk
configure:5223: result: no
configure:5193: checking for mawk
configure:5209: found /usr/bin/mawk
configure:5220: result: mawk
configure:5260: checking command to parse /usr/bin/nm -B output from gcc object
configure:5380: gcc -c  -Wall  conftest.c >&5
configure:5383: $? = 0
configure:5387: /usr/bin/nm -B conftest.o \| sed -n -e 's/^.*[ ]\([ABCDGIRSTW][ABCDGIRSTW]*\)[ ][ ]*\([_A-Za-z][_A-Za-z0-9]*\)$/\1 \2 \2/p' | sed '/ __gnu_lto/d' \> conftest.nm
configure:5390: $? = 0
configure:5456: gcc -o conftest  -Wall   conftest.c conftstm.o >&5
configure:5459: $? = 0
configure:5497: result: ok
configure:5534: checking for sysroot
configure:5564: result: no
configure:5820: checking for mt
configure:5836: found /bin/mt
configure:5847: result: mt
configure:5870: checking if mt is a manifest tool
configure:5876: mt '-?'
configure:5884: result: no
configure:6526: checking how to run the C preprocessor
configure:6557: gcc -E  conftest.c
configure:6557: $? = 0
configure:6571: gcc -E  conftest.c
conftest.c:9:28: fatal error: ac_nonexistent.h: No such file or directory
compilation terminated.
configure:6571: $? = 1
configure: failed program was:
| /* confdefs.h */
| #define PACKAGE_NAME "can-utils"
| #define PACKAGE_TARNAME "can-utils"
| #define PACKAGE_VERSION "trunk"
| #define PACKAGE_STRING "can-utils trunk"
| #define PACKAGE_BUGREPORT "linux-can@vger.kernel.org"
| #define PACKAGE_URL ""
| /* end confdefs.h.  */
| #include <ac_nonexistent.h>
configure:6596: result: gcc -E
configure:6616: gcc -E  conftest.c
configure:6616: $? = 0
configure:6630: gcc -E  conftest.c
conftest.c:9:28: fatal error: ac_nonexistent.h: No such file or directory
compilation terminated.
configure:6630: $? = 1
configure: failed program was:
| /* confdefs.h */
| #define PACKAGE_NAME "can-utils"
| #define PACKAGE_TARNAME "can-utils"
| #define PACKAGE_VERSION "trunk"
| #define PACKAGE_STRING "can-utils trunk"
| #define PACKAGE_BUGREPORT "linux-can@vger.kernel.org"
| #define PACKAGE_URL ""
| /* end confdefs.h.  */
| #include <ac_nonexistent.h>
configure:6659: checking for ANSI C header files
configure:6679: gcc -c  -Wall  conftest.c >&5
configure:6679: $? = 0
configure:6752: gcc -o conftest  -Wall   conftest.c  >&5
configure:6752: $? = 0
configure:6752: ./conftest
configure:6752: $? = 0
configure:6763: result: yes
configure:6776: checking for sys/types.h
configure:6776: gcc -c  -Wall  conftest.c >&5
configure:6776: $? = 0
configure:6776: result: yes
configure:6776: checking for sys/stat.h
configure:6776: gcc -c  -Wall  conftest.c >&5
configure:6776: $? = 0
configure:6776: result: yes
configure:6776: checking for stdlib.h
configure:6776: gcc -c  -Wall  conftest.c >&5
configure:6776: $? = 0
configure:6776: result: yes
configure:6776: checking for string.h
configure:6776: gcc -c  -Wall  conftest.c >&5
configure:6776: $? = 0
configure:6776: result: yes
configure:6776: checking for memory.h
configure:6776: gcc -c  -Wall  conftest.c >&5
configure:6776: $? = 0
configure:6776: result: yes
configure:6776: checking for strings.h
configure:6776: gcc -c  -Wall  conftest.c >&5
configure:6776: $? = 0
configure:6776: result: yes
configure:6776: checking for inttypes.h
configure:6776: gcc -c  -Wall  conftest.c >&5
configure:6776: $? = 0
configure:6776: result: yes
configure:6776: checking for stdint.h
configure:6776: gcc -c  -Wall  conftest.c >&5
configure:6776: $? = 0
configure:6776: result: yes
configure:6776: checking for unistd.h
configure:6776: gcc -c  -Wall  conftest.c >&5
configure:6776: $? = 0
configure:6776: result: yes
configure:6790: checking for dlfcn.h
configure:6790: gcc -c  -Wall  conftest.c >&5
configure:6790: $? = 0
configure:6790: result: yes
configure:7294: checking for objdir
configure:7309: result: .libs
configure:7576: checking if gcc supports -fno-rtti -fno-exceptions
configure:7594: gcc -c  -Wall  -fno-rtti -fno-exceptions conftest.c >&5
cc1: warning: command line option '-fno-rtti' is valid for C++/ObjC++ but not for C [enabled by default]
configure:7598: $? = 0
configure:7611: result: no
configure:7938: checking for gcc option to produce PIC
configure:7945: result: -fPIC -DPIC
configure:7953: checking if gcc PIC flag -fPIC -DPIC works
configure:7971: gcc -c  -Wall  -fPIC -DPIC -DPIC conftest.c >&5
configure:7975: $? = 0
configure:7988: result: yes
configure:8017: checking if gcc static flag -static works
configure:8045: result: yes
configure:8060: checking if gcc supports -c -o file.o
configure:8081: gcc -c  -Wall  -o out/conftest2.o conftest.c >&5
configure:8085: $? = 0
configure:8107: result: yes
configure:8115: checking if gcc supports -c -o file.o
configure:8162: result: yes
configure:8195: checking whether the gcc linker (/usr/bin/ld) supports shared libraries
configure:9352: result: yes
configure:9389: checking whether -lc should be explicitly linked in
configure:9397: gcc -c  -Wall  conftest.c >&5
configure:9400: $? = 0
configure:9415: gcc -shared  -fPIC -DPIC conftest.o  -v -Wl,-soname -Wl,conftest -o conftest 2\>\&1 \| /bin/grep  -lc  \>/dev/null 2\>\&1
configure:9418: $? = 0
configure:9432: result: no
configure:9592: checking dynamic linker characteristics
configure:10092: gcc -o conftest  -Wall   -Wl,-rpath -Wl,/foo conftest.c  >&5
configure:10092: $? = 0
configure:10326: result: GNU/Linux ld.so
configure:10433: checking how to hardcode library paths into programs
configure:10458: result: immediate
configure:10998: checking whether stripping libraries is possible
configure:11003: result: yes
configure:11038: checking if libtool supports shared libraries
configure:11040: result: yes
configure:11043: checking whether to build shared libraries
configure:11064: result: yes
configure:11067: checking whether to build static libraries
configure:11071: result: yes
configure:11125: checking for a BSD-compatible install
configure:11193: result: /usr/bin/install -c
configure:11204: checking whether build environment is sane
configure:11254: result: yes
configure:11395: checking for a thread-safe mkdir -p
configure:11434: result: /bin/mkdir -p
configure:11443: checking whether make sets $(MAKE)
configure:11465: result: yes
configure:11495: checking for style of include used by make
configure:11523: result: GNU
configure:11609: checking dependency style of gcc
configure:11720: result: gcc3
configure:11747: checking whether make supports nested variables
configure:11764: result: yes
configure:11798: checking fcntl.h usability
configure:11798: gcc -c  -Wall  conftest.c >&5
configure:11798: $? = 0
configure:11798: result: yes
configure:11798: checking fcntl.h presence
configure:11798: gcc -E  conftest.c
configure:11798: $? = 0
configure:11798: result: yes
configure:11798: checking for fcntl.h
configure:11798: result: yes
configure:11798: checking limits.h usability
configure:11798: gcc -c  -Wall  conftest.c >&5
configure:11798: $? = 0
configure:11798: result: yes
configure:11798: checking limits.h presence
configure:11798: gcc -E  conftest.c
configure:11798: $? = 0
configure:11798: result: yes
configure:11798: checking for limits.h
configure:11798: result: yes
configure:11798: checking locale.h usability
configure:11798: gcc -c  -Wall  conftest.c >&5
configure:11798: $? = 0
configure:11798: result: yes
configure:11798: checking locale.h presence
configure:11798: gcc -E  conftest.c
configure:11798: $? = 0
configure:11798: result: yes
configure:11798: checking for locale.h
configure:11798: result: yes
configure:11798: checking for stdint.h
configure:11798: result: yes
configure:11798: checking for stdlib.h
configure:11798: result: yes
configure:11798: checking for string.h
configure:11798: result: yes
configure:11798: checking syslog.h usability
configure:11798: gcc -c  -Wall  conftest.c >&5
configure:11798: $? = 0
configure:11798: result: yes
configure:11798: checking syslog.h presence
configure:11798: gcc -E  conftest.c
configure:11798: $? = 0
configure:11798: result: yes
configure:11798: checking for syslog.h
configure:11798: result: yes
configure:11798: checking termios.h usability
configure:11798: gcc -c  -Wall  conftest.c >&5
configure:11798: $? = 0
configure:11798: result: yes
configure:11798: checking termios.h presence
configure:11798: gcc -E  conftest.c
configure:11798: $? = 0
configure:11798: result: yes
configure:11798: checking for termios.h
configure:11798: result: yes
configure:11798: checking for unistd.h
configure:11798: result: yes
configure:11798: checking netinet/in.h usability
configure:11798: gcc -c  -Wall  conftest.c >&5
configure:11798: $? = 0
configure:11798: result: yes
configure:11798: checking netinet/in.h presence
configure:11798: gcc -E  conftest.c
configure:11798: $? = 0
configure:11798: result: yes
configure:11798: checking for netinet/in.h
configure:11798: result: yes
configure:11798: checking sys/ioctl.h usability
configure:11798: gcc -c  -Wall  conftest.c >&5
configure:11798: $? = 0
configure:11798: result: yes
configure:11798: checking sys/ioctl.h presence
configure:11798: gcc -E  conftest.c
configure:11798: $? = 0
configure:11798: result: yes
configure:11798: checking for sys/ioctl.h
configure:11798: result: yes
configure:11798: checking sys/socket.h usability
configure:11798: gcc -c  -Wall  conftest.c >&5
configure:11798: $? = 0
configure:11798: result: yes
configure:11798: checking sys/socket.h presence
configure:11798: gcc -E  conftest.c
configure:11798: $? = 0
configure:11798: result: yes
configure:11798: checking for sys/socket.h
configure:11798: result: yes
configure:11798: checking sys/time.h usability
configure:11798: gcc -c  -Wall  conftest.c >&5
configure:11798: $? = 0
configure:11798: result: yes
configure:11798: checking sys/time.h presence
configure:11798: gcc -E  conftest.c
configure:11798: $? = 0
configure:11798: result: yes
configure:11798: checking for sys/time.h
configure:11798: result: yes
configure:11813: checking for inline
configure:11829: gcc -c  -Wall  conftest.c >&5
configure:11829: $? = 0
configure:11837: result: inline
configure:11862: checking for special C compiler options needed for large files
configure:11907: result: no
configure:11913: checking for _FILE_OFFSET_BITS value needed for large files
configure:11938: gcc -c  -Wall  conftest.c >&5
conftest.c:42:3: warning: left shift count >= width of type [enabled by default]
conftest.c:42:3: warning: left shift count >= width of type [enabled by default]
conftest.c:43:10: warning: left shift count >= width of type [enabled by default]
conftest.c:43:10: warning: left shift count >= width of type [enabled by default]
conftest.c:42:7: error: variably modified 'off_t_is_large' at file scope
configure:11938: $? = 1
configure: failed program was:
| /* confdefs.h */
| #define PACKAGE_NAME "can-utils"
| #define PACKAGE_TARNAME "can-utils"
| #define PACKAGE_VERSION "trunk"
| #define PACKAGE_STRING "can-utils trunk"
| #define PACKAGE_BUGREPORT "linux-can@vger.kernel.org"
| #define PACKAGE_URL ""
| #define STDC_HEADERS 1
| #define HAVE_SYS_TYPES_H 1
| #define HAVE_SYS_STAT_H 1
| #define HAVE_STDLIB_H 1
| #define HAVE_STRING_H 1
| #define HAVE_MEMORY_H 1
| #define HAVE_STRINGS_H 1
| #define HAVE_INTTYPES_H 1
| #define HAVE_STDINT_H 1
| #define HAVE_UNISTD_H 1
| #define HAVE_DLFCN_H 1
| #define LT_OBJDIR ".libs/"
| #define PACKAGE "can-utils"
| #define VERSION "trunk"
| #define HAVE_FCNTL_H 1
| #define HAVE_LIMITS_H 1
| #define HAVE_LOCALE_H 1
| #define HAVE_STDINT_H 1
| #define HAVE_STDLIB_H 1
| #define HAVE_STRING_H 1
| #define HAVE_SYSLOG_H 1
| #define HAVE_TERMIOS_H 1
| #define HAVE_UNISTD_H 1
| #define HAVE_NETINET_IN_H 1
| #define HAVE_SYS_IOCTL_H 1
| #define HAVE_SYS_SOCKET_H 1
| #define HAVE_SYS_TIME_H 1
| /* end confdefs.h.  */
| #include <sys/types.h>
|  /* Check that off_t can represent 2**63 - 1 correctly.
|     We can't simply define LARGE_OFF_T to be 9223372036854775807,
|     since some C++ compilers masquerading as C compilers
|     incorrectly reject 9223372036854775807.  */
| #define LARGE_OFF_T (((off_t) 1 << 62) - 1 + ((off_t) 1 << 62))
|   int off_t_is_large[(LARGE_OFF_T % 2147483629 == 721
| 		       && LARGE_OFF_T % 2147483647 == 1)
| 		      ? 1 : -1];
| int
| main ()
| {
| 
|   ;
|   return 0;
| }
configure:11962: gcc -c  -Wall  conftest.c >&5
configure:11962: $? = 0
configure:11970: result: 64
configure:12055: checking for off_t
configure:12055: gcc -c  -Wall  conftest.c >&5
configure:12055: $? = 0
configure:12055: gcc -c  -Wall  conftest.c >&5
conftest.c: In function 'main':
conftest.c:73:20: error: expected expression before ')' token
configure:12055: $? = 1
configure: failed program was:
| /* confdefs.h */
| #define PACKAGE_NAME "can-utils"
| #define PACKAGE_TARNAME "can-utils"
| #define PACKAGE_VERSION "trunk"
| #define PACKAGE_STRING "can-utils trunk"
| #define PACKAGE_BUGREPORT "linux-can@vger.kernel.org"
| #define PACKAGE_URL ""
| #define STDC_HEADERS 1
| #define HAVE_SYS_TYPES_H 1
| #define HAVE_SYS_STAT_H 1
| #define HAVE_STDLIB_H 1
| #define HAVE_STRING_H 1
| #define HAVE_MEMORY_H 1
| #define HAVE_STRINGS_H 1
| #define HAVE_INTTYPES_H 1
| #define HAVE_STDINT_H 1
| #define HAVE_UNISTD_H 1
| #define HAVE_DLFCN_H 1
| #define LT_OBJDIR ".libs/"
| #define PACKAGE "can-utils"
| #define VERSION "trunk"
| #define HAVE_FCNTL_H 1
| #define HAVE_LIMITS_H 1
| #define HAVE_LOCALE_H 1
| #define HAVE_STDINT_H 1
| #define HAVE_STDLIB_H 1
| #define HAVE_STRING_H 1
| #define HAVE_SYSLOG_H 1
| #define HAVE_TERMIOS_H 1
| #define HAVE_UNISTD_H 1
| #define HAVE_NETINET_IN_H 1
| #define HAVE_SYS_IOCTL_H 1
| #define HAVE_SYS_SOCKET_H 1
| #define HAVE_SYS_TIME_H 1
| #define _FILE_OFFSET_BITS 64
| /* end confdefs.h.  */
| #include <stdio.h>
| #ifdef HAVE_SYS_TYPES_H
| # include <sys/types.h>
| #endif
| #ifdef HAVE_SYS_STAT_H
| # include <sys/stat.h>
| #endif
| #ifdef STDC_HEADERS
| # include <stdlib.h>
| # include <stddef.h>
| #else
| # ifdef HAVE_STDLIB_H
| #  include <stdlib.h>
| # endif
| #endif
| #ifdef HAVE_STRING_H
| # if !defined STDC_HEADERS && defined HAVE_MEMORY_H
| #  include <memory.h>
| # endif
| # include <string.h>
| #endif
| #ifdef HAVE_STRINGS_H
| # include <strings.h>
| #endif
| #ifdef HAVE_INTTYPES_H
| # include <inttypes.h>
| #endif
| #ifdef HAVE_STDINT_H
| # include <stdint.h>
| #endif
| #ifdef HAVE_UNISTD_H
| # include <unistd.h>
| #endif
| int
| main ()
| {
| if (sizeof ((off_t)))
| 	    return 0;
|   ;
|   return 0;
| }
configure:12055: result: yes
configure:12066: checking for pid_t
configure:12066: gcc -c  -Wall  conftest.c >&5
configure:12066: $? = 0
configure:12066: gcc -c  -Wall  conftest.c >&5
conftest.c: In function 'main':
conftest.c:73:20: error: expected expression before ')' token
configure:12066: $? = 1
configure: failed program was:
| /* confdefs.h */
| #define PACKAGE_NAME "can-utils"
| #define PACKAGE_TARNAME "can-utils"
| #define PACKAGE_VERSION "trunk"
| #define PACKAGE_STRING "can-utils trunk"
| #define PACKAGE_BUGREPORT "linux-can@vger.kernel.org"
| #define PACKAGE_URL ""
| #define STDC_HEADERS 1
| #define HAVE_SYS_TYPES_H 1
| #define HAVE_SYS_STAT_H 1
| #define HAVE_STDLIB_H 1
| #define HAVE_STRING_H 1
| #define HAVE_MEMORY_H 1
| #define HAVE_STRINGS_H 1
| #define HAVE_INTTYPES_H 1
| #define HAVE_STDINT_H 1
| #define HAVE_UNISTD_H 1
| #define HAVE_DLFCN_H 1
| #define LT_OBJDIR ".libs/"
| #define PACKAGE "can-utils"
| #define VERSION "trunk"
| #define HAVE_FCNTL_H 1
| #define HAVE_LIMITS_H 1
| #define HAVE_LOCALE_H 1
| #define HAVE_STDINT_H 1
| #define HAVE_STDLIB_H 1
| #define HAVE_STRING_H 1
| #define HAVE_SYSLOG_H 1
| #define HAVE_TERMIOS_H 1
| #define HAVE_UNISTD_H 1
| #define HAVE_NETINET_IN_H 1
| #define HAVE_SYS_IOCTL_H 1
| #define HAVE_SYS_SOCKET_H 1
| #define HAVE_SYS_TIME_H 1
| #define _FILE_OFFSET_BITS 64
| /* end confdefs.h.  */
| #include <stdio.h>
| #ifdef HAVE_SYS_TYPES_H
| # include <sys/types.h>
| #endif
| #ifdef HAVE_SYS_STAT_H
| # include <sys/stat.h>
| #endif
| #ifdef STDC_HEADERS
| # include <stdlib.h>
| # include <stddef.h>
| #else
| # ifdef HAVE_STDLIB_H
| #  include <stdlib.h>
| # endif
| #endif
| #ifdef HAVE_STRING_H
| # if !defined STDC_HEADERS && defined HAVE_MEMORY_H
| #  include <memory.h>
| # endif
| # include <string.h>
| #endif
| #ifdef HAVE_STRINGS_H
| # include <strings.h>
| #endif
| #ifdef HAVE_INTTYPES_H
| # include <inttypes.h>
| #endif
| #ifdef HAVE_STDINT_H
| # include <stdint.h>
| #endif
| #ifdef HAVE_UNISTD_H
| # include <unistd.h>
| #endif
| int
| main ()
| {
| if (sizeof ((pid_t)))
| 	    return 0;
|   ;
|   return 0;
| }
configure:12066: result: yes
configure:12077: checking for uint64_t
configure:12077: gcc -c  -Wall  conftest.c >&5
configure:12077: $? = 0
configure:12077: result: yes
configure:12098: checking vfork.h usability
configure:12098: gcc -c  -Wall  conftest.c >&5
conftest.c:70:19: fatal error: vfork.h: No such file or directory
compilation terminated.
configure:12098: $? = 1
configure: failed program was:
| /* confdefs.h */
| #define PACKAGE_NAME "can-utils"
| #define PACKAGE_TARNAME "can-utils"
| #define PACKAGE_VERSION "trunk"
| #define PACKAGE_STRING "can-utils trunk"
| #define PACKAGE_BUGREPORT "linux-can@vger.kernel.org"
| #define PACKAGE_URL ""
| #define STDC_HEADERS 1
| #define HAVE_SYS_TYPES_H 1
| #define HAVE_SYS_STAT_H 1
| #define HAVE_STDLIB_H 1
| #define HAVE_STRING_H 1
| #define HAVE_MEMORY_H 1
| #define HAVE_STRINGS_H 1
| #define HAVE_INTTYPES_H 1
| #define HAVE_STDINT_H 1
| #define HAVE_UNISTD_H 1
| #define HAVE_DLFCN_H 1
| #define LT_OBJDIR ".libs/"
| #define PACKAGE "can-utils"
| #define VERSION "trunk"
| #define HAVE_FCNTL_H 1
| #define HAVE_LIMITS_H 1
| #define HAVE_LOCALE_H 1
| #define HAVE_STDINT_H 1
| #define HAVE_STDLIB_H 1
| #define HAVE_STRING_H 1
| #define HAVE_SYSLOG_H 1
| #define HAVE_TERMIOS_H 1
| #define HAVE_UNISTD_H 1
| #define HAVE_NETINET_IN_H 1
| #define HAVE_SYS_IOCTL_H 1
| #define HAVE_SYS_SOCKET_H 1
| #define HAVE_SYS_TIME_H 1
| #define _FILE_OFFSET_BITS 64
| /* end confdefs.h.  */
| #include <stdio.h>
| #ifdef HAVE_SYS_TYPES_H
| # include <sys/types.h>
| #endif
| #ifdef HAVE_SYS_STAT_H
| # include <sys/stat.h>
| #endif
| #ifdef STDC_HEADERS
| # include <stdlib.h>
| # include <stddef.h>
| #else
| # ifdef HAVE_STDLIB_H
| #  include <stdlib.h>
| # endif
| #endif
| #ifdef HAVE_STRING_H
| # if !defined STDC_HEADERS && defined HAVE_MEMORY_H
| #  include <memory.h>
| # endif
| # include <string.h>
| #endif
| #ifdef HAVE_STRINGS_H
| # include <strings.h>
| #endif
| #ifdef HAVE_INTTYPES_H
| # include <inttypes.h>
| #endif
| #ifdef HAVE_STDINT_H
| # include <stdint.h>
| #endif
| #ifdef HAVE_UNISTD_H
| # include <unistd.h>
| #endif
| #include <vfork.h>
configure:12098: result: no
configure:12098: checking vfork.h presence
configure:12098: gcc -E  conftest.c
conftest.c:37:19: fatal error: vfork.h: No such file or directory
compilation terminated.
configure:12098: $? = 1
configure: failed program was:
| /* confdefs.h */
| #define PACKAGE_NAME "can-utils"
| #define PACKAGE_TARNAME "can-utils"
| #define PACKAGE_VERSION "trunk"
| #define PACKAGE_STRING "can-utils trunk"
| #define PACKAGE_BUGREPORT "linux-can@vger.kernel.org"
| #define PACKAGE_URL ""
| #define STDC_HEADERS 1
| #define HAVE_SYS_TYPES_H 1
| #define HAVE_SYS_STAT_H 1
| #define HAVE_STDLIB_H 1
| #define HAVE_STRING_H 1
| #define HAVE_MEMORY_H 1
| #define HAVE_STRINGS_H 1
| #define HAVE_INTTYPES_H 1
| #define HAVE_STDINT_H 1
| #define HAVE_UNISTD_H 1
| #define HAVE_DLFCN_H 1
| #define LT_OBJDIR ".libs/"
| #define PACKAGE "can-utils"
| #define VERSION "trunk"
| #define HAVE_FCNTL_H 1
| #define HAVE_LIMITS_H 1
| #define HAVE_LOCALE_H 1
| #define HAVE_STDINT_H 1
| #define HAVE_STDLIB_H 1
| #define HAVE_STRING_H 1
| #define HAVE_SYSLOG_H 1
| #define HAVE_TERMIOS_H 1
| #define HAVE_UNISTD_H 1
| #define HAVE_NETINET_IN_H 1
| #define HAVE_SYS_IOCTL_H 1
| #define HAVE_SYS_SOCKET_H 1
| #define HAVE_SYS_TIME_H 1
| #define _FILE_OFFSET_BITS 64
| /* end confdefs.h.  */
| #include <vfork.h>
configure:12098: result: no
configure:12098: checking for vfork.h
configure:12098: result: no
configure:12111: checking for fork
configure:12111: gcc -o conftest  -Wall   conftest.c  >&5
conftest.c:60:6: warning: conflicting types for built-in function 'fork' [enabled by default]
configure:12111: $? = 0
configure:12111: result: yes
configure:12111: checking for vfork
configure:12111: gcc -o conftest  -Wall   conftest.c  >&5
configure:12111: $? = 0
configure:12111: result: yes
configure:12121: checking for working fork
configure:12143: gcc -o conftest  -Wall   conftest.c  >&5
configure:12143: $? = 0
configure:12143: ./conftest
configure:12143: $? = 0
configure:12153: result: yes
configure:12174: checking for working vfork
configure:12284: result: yes
configure:12309: checking whether time.h and sys/time.h may both be included
configure:12329: gcc -c  -Wall  conftest.c >&5
configure:12329: $? = 0
configure:12336: result: yes
configure:12350: checking for sys/time.h
configure:12350: result: yes
configure:12350: checking for unistd.h
configure:12350: result: yes
configure:12371: checking for alarm
configure:12371: gcc -o conftest  -Wall   conftest.c  >&5
configure:12371: $? = 0
configure:12371: result: yes
configure:12384: checking for working mktime
configure:12586: gcc -o conftest  -Wall   conftest.c  >&5
configure:12586: $? = 0
configure:12586: ./conftest
configure:12586: $? = 0
configure:12596: result: yes
configure:12622: checking for alarm
configure:12622: result: yes
configure:12622: checking for gettimeofday
configure:12622: gcc -o conftest  -Wall   conftest.c  >&5
configure:12622: $? = 0
configure:12622: result: yes
configure:12622: checking for localtime_r
configure:12622: gcc -o conftest  -Wall   conftest.c  >&5
configure:12622: $? = 0
configure:12622: result: yes
configure:12622: checking for memset
configure:12622: gcc -o conftest  -Wall   conftest.c  >&5
conftest.c:71:6: warning: conflicting types for built-in function 'memset' [enabled by default]
configure:12622: $? = 0
configure:12622: result: yes
configure:12622: checking for select
configure:12622: gcc -o conftest  -Wall   conftest.c  >&5
configure:12622: $? = 0
configure:12622: result: yes
configure:12622: checking for setlocale
configure:12622: gcc -o conftest  -Wall   conftest.c  >&5
configure:12622: $? = 0
configure:12622: result: yes
configure:12622: checking for socket
configure:12622: gcc -o conftest  -Wall   conftest.c  >&5
configure:12622: $? = 0
configure:12622: result: yes
configure:12622: checking for strchr
configure:12622: gcc -o conftest  -Wall   conftest.c  >&5
conftest.c:75:6: warning: conflicting types for built-in function 'strchr' [enabled by default]
configure:12622: $? = 0
configure:12622: result: yes
configure:12622: checking for strerror
configure:12622: gcc -o conftest  -Wall   conftest.c  >&5
configure:12622: $? = 0
configure:12622: result: yes
configure:12622: checking for strstr
configure:12622: gcc -o conftest  -Wall   conftest.c  >&5
conftest.c:77:6: warning: conflicting types for built-in function 'strstr' [enabled by default]
configure:12622: $? = 0
configure:12622: result: yes
configure:12622: checking for strtoul
configure:12622: gcc -o conftest  -Wall   conftest.c  >&5
configure:12622: $? = 0
configure:12622: result: yes
configure:12633: checking whether SO_RXQ_OVFL is declared
configure:12633: gcc -c  -Wall  conftest.c >&5
conftest.c: In function 'main':
conftest.c:96:10: error: 'SO_RXQ_OVFL' undeclared (first use in this function)
conftest.c:96:10: note: each undeclared identifier is reported only once for each function it appears in
configure:12633: $? = 1
configure: failed program was:
| /* confdefs.h */
| #define PACKAGE_NAME "can-utils"
| #define PACKAGE_TARNAME "can-utils"
| #define PACKAGE_VERSION "trunk"
| #define PACKAGE_STRING "can-utils trunk"
| #define PACKAGE_BUGREPORT "linux-can@vger.kernel.org"
| #define PACKAGE_URL ""
| #define STDC_HEADERS 1
| #define HAVE_SYS_TYPES_H 1
| #define HAVE_SYS_STAT_H 1
| #define HAVE_STDLIB_H 1
| #define HAVE_STRING_H 1
| #define HAVE_MEMORY_H 1
| #define HAVE_STRINGS_H 1
| #define HAVE_INTTYPES_H 1
| #define HAVE_STDINT_H 1
| #define HAVE_UNISTD_H 1
| #define HAVE_DLFCN_H 1
| #define LT_OBJDIR ".libs/"
| #define PACKAGE "can-utils"
| #define VERSION "trunk"
| #define HAVE_FCNTL_H 1
| #define HAVE_LIMITS_H 1
| #define HAVE_LOCALE_H 1
| #define HAVE_STDINT_H 1
| #define HAVE_STDLIB_H 1
| #define HAVE_STRING_H 1
| #define HAVE_SYSLOG_H 1
| #define HAVE_TERMIOS_H 1
| #define HAVE_UNISTD_H 1
| #define HAVE_NETINET_IN_H 1
| #define HAVE_SYS_IOCTL_H 1
| #define HAVE_SYS_SOCKET_H 1
| #define HAVE_SYS_TIME_H 1
| #define _FILE_OFFSET_BITS 64
| #define HAVE_FORK 1
| #define HAVE_VFORK 1
| #define HAVE_WORKING_VFORK 1
| #define HAVE_WORKING_FORK 1
| #define TIME_WITH_SYS_TIME 1
| #define HAVE_SYS_TIME_H 1
| #define HAVE_UNISTD_H 1
| #define HAVE_ALARM 1
| #define HAVE_ALARM 1
| #define HAVE_GETTIMEOFDAY 1
| #define HAVE_LOCALTIME_R 1
| #define HAVE_MEMSET 1
| #define HAVE_SELECT 1
| #define HAVE_SETLOCALE 1
| #define HAVE_SOCKET 1
| #define HAVE_STRCHR 1
| #define HAVE_STRERROR 1
| #define HAVE_STRSTR 1
| #define HAVE_STRTOUL 1
| /* end confdefs.h.  */
| #include <stdio.h>
| #ifdef HAVE_SYS_TYPES_H
| # include <sys/types.h>
| #endif
| #ifdef HAVE_SYS_STAT_H
| # include <sys/stat.h>
| #endif
| #ifdef STDC_HEADERS
| # include <stdlib.h>
| # include <stddef.h>
| #else
| # ifdef HAVE_STDLIB_H
| #  include <stdlib.h>
| # endif
| #endif
| #ifdef HAVE_STRING_H
| # if !defined STDC_HEADERS && defined HAVE_MEMORY_H
| #  include <memory.h>
| # endif
| # include <string.h>
| #endif
| #ifdef HAVE_STRINGS_H
| # include <strings.h>
| #endif
| #ifdef HAVE_INTTYPES_H
| # include <inttypes.h>
| #endif
| #ifdef HAVE_STDINT_H
| # include <stdint.h>
| #endif
| #ifdef HAVE_UNISTD_H
| # include <unistd.h>
| #endif
| int
| main ()
| {
| #ifndef SO_RXQ_OVFL
| #ifdef __cplusplus
|   (void) SO_RXQ_OVFL;
| #else
|   (void) SO_RXQ_OVFL;
| #endif
| #endif
| 
|   ;
|   return 0;
| }
configure:12633: result: no
configure:12643: checking whether PF_CAN is declared
configure:12643: gcc -c  -Wall  conftest.c >&5
conftest.c: In function 'main':
conftest.c:97:10: error: 'PF_CAN' undeclared (first use in this function)
conftest.c:97:10: note: each undeclared identifier is reported only once for each function it appears in
configure:12643: $? = 1
configure: failed program was:
| /* confdefs.h */
| #define PACKAGE_NAME "can-utils"
| #define PACKAGE_TARNAME "can-utils"
| #define PACKAGE_VERSION "trunk"
| #define PACKAGE_STRING "can-utils trunk"
| #define PACKAGE_BUGREPORT "linux-can@vger.kernel.org"
| #define PACKAGE_URL ""
| #define STDC_HEADERS 1
| #define HAVE_SYS_TYPES_H 1
| #define HAVE_SYS_STAT_H 1
| #define HAVE_STDLIB_H 1
| #define HAVE_STRING_H 1
| #define HAVE_MEMORY_H 1
| #define HAVE_STRINGS_H 1
| #define HAVE_INTTYPES_H 1
| #define HAVE_STDINT_H 1
| #define HAVE_UNISTD_H 1
| #define HAVE_DLFCN_H 1
| #define LT_OBJDIR ".libs/"
| #define PACKAGE "can-utils"
| #define VERSION "trunk"
| #define HAVE_FCNTL_H 1
| #define HAVE_LIMITS_H 1
| #define HAVE_LOCALE_H 1
| #define HAVE_STDINT_H 1
| #define HAVE_STDLIB_H 1
| #define HAVE_STRING_H 1
| #define HAVE_SYSLOG_H 1
| #define HAVE_TERMIOS_H 1
| #define HAVE_UNISTD_H 1
| #define HAVE_NETINET_IN_H 1
| #define HAVE_SYS_IOCTL_H 1
| #define HAVE_SYS_SOCKET_H 1
| #define HAVE_SYS_TIME_H 1
| #define _FILE_OFFSET_BITS 64
| #define HAVE_FORK 1
| #define HAVE_VFORK 1
| #define HAVE_WORKING_VFORK 1
| #define HAVE_WORKING_FORK 1
| #define TIME_WITH_SYS_TIME 1
| #define HAVE_SYS_TIME_H 1
| #define HAVE_UNISTD_H 1
| #define HAVE_ALARM 1
| #define HAVE_ALARM 1
| #define HAVE_GETTIMEOFDAY 1
| #define HAVE_LOCALTIME_R 1
| #define HAVE_MEMSET 1
| #define HAVE_SELECT 1
| #define HAVE_SETLOCALE 1
| #define HAVE_SOCKET 1
| #define HAVE_STRCHR 1
| #define HAVE_STRERROR 1
| #define HAVE_STRSTR 1
| #define HAVE_STRTOUL 1
| #define SO_RXQ_OVFL 40
| /* end confdefs.h.  */
| #include <stdio.h>
| #ifdef HAVE_SYS_TYPES_H
| # include <sys/types.h>
| #endif
| #ifdef HAVE_SYS_STAT_H
| # include <sys/stat.h>
| #endif
| #ifdef STDC_HEADERS
| # include <stdlib.h>
| # include <stddef.h>
| #else
| # ifdef HAVE_STDLIB_H
| #  include <stdlib.h>
| # endif
| #endif
| #ifdef HAVE_STRING_H
| # if !defined STDC_HEADERS && defined HAVE_MEMORY_H
| #  include <memory.h>
| # endif
| # include <string.h>
| #endif
| #ifdef HAVE_STRINGS_H
| # include <strings.h>
| #endif
| #ifdef HAVE_INTTYPES_H
| # include <inttypes.h>
| #endif
| #ifdef HAVE_STDINT_H
| # include <stdint.h>
| #endif
| #ifdef HAVE_UNISTD_H
| # include <unistd.h>
| #endif
| int
| main ()
| {
| #ifndef PF_CAN
| #ifdef __cplusplus
|   (void) PF_CAN;
| #else
|   (void) PF_CAN;
| #endif
| #endif
| 
|   ;
|   return 0;
| }
configure:12643: result: no
configure:12653: checking whether AF_CAN is declared
configure:12653: gcc -c  -Wall  conftest.c >&5
conftest.c: In function 'main':
conftest.c:98:10: error: 'AF_CAN' undeclared (first use in this function)
conftest.c:98:10: note: each undeclared identifier is reported only once for each function it appears in
configure:12653: $? = 1
configure: failed program was:
| /* confdefs.h */
| #define PACKAGE_NAME "can-utils"
| #define PACKAGE_TARNAME "can-utils"
| #define PACKAGE_VERSION "trunk"
| #define PACKAGE_STRING "can-utils trunk"
| #define PACKAGE_BUGREPORT "linux-can@vger.kernel.org"
| #define PACKAGE_URL ""
| #define STDC_HEADERS 1
| #define HAVE_SYS_TYPES_H 1
| #define HAVE_SYS_STAT_H 1
| #define HAVE_STDLIB_H 1
| #define HAVE_STRING_H 1
| #define HAVE_MEMORY_H 1
| #define HAVE_STRINGS_H 1
| #define HAVE_INTTYPES_H 1
| #define HAVE_STDINT_H 1
| #define HAVE_UNISTD_H 1
| #define HAVE_DLFCN_H 1
| #define LT_OBJDIR ".libs/"
| #define PACKAGE "can-utils"
| #define VERSION "trunk"
| #define HAVE_FCNTL_H 1
| #define HAVE_LIMITS_H 1
| #define HAVE_LOCALE_H 1
| #define HAVE_STDINT_H 1
| #define HAVE_STDLIB_H 1
| #define HAVE_STRING_H 1
| #define HAVE_SYSLOG_H 1
| #define HAVE_TERMIOS_H 1
| #define HAVE_UNISTD_H 1
| #define HAVE_NETINET_IN_H 1
| #define HAVE_SYS_IOCTL_H 1
| #define HAVE_SYS_SOCKET_H 1
| #define HAVE_SYS_TIME_H 1
| #define _FILE_OFFSET_BITS 64
| #define HAVE_FORK 1
| #define HAVE_VFORK 1
| #define HAVE_WORKING_VFORK 1
| #define HAVE_WORKING_FORK 1
| #define TIME_WITH_SYS_TIME 1
| #define HAVE_SYS_TIME_H 1
| #define HAVE_UNISTD_H 1
| #define HAVE_ALARM 1
| #define HAVE_ALARM 1
| #define HAVE_GETTIMEOFDAY 1
| #define HAVE_LOCALTIME_R 1
| #define HAVE_MEMSET 1
| #define HAVE_SELECT 1
| #define HAVE_SETLOCALE 1
| #define HAVE_SOCKET 1
| #define HAVE_STRCHR 1
| #define HAVE_STRERROR 1
| #define HAVE_STRSTR 1
| #define HAVE_STRTOUL 1
| #define SO_RXQ_OVFL 40
| #define PF_CAN 29
| /* end confdefs.h.  */
| #include <stdio.h>
| #ifdef HAVE_SYS_TYPES_H
| # include <sys/types.h>
| #endif
| #ifdef HAVE_SYS_STAT_H
| # include <sys/stat.h>
| #endif
| #ifdef STDC_HEADERS
| # include <stdlib.h>
| # include <stddef.h>
| #else
| # ifdef HAVE_STDLIB_H
| #  include <stdlib.h>
| # endif
| #endif
| #ifdef HAVE_STRING_H
| # if !defined STDC_HEADERS && defined HAVE_MEMORY_H
| #  include <memory.h>
| # endif
| # include <string.h>
| #endif
| #ifdef HAVE_STRINGS_H
| # include <strings.h>
| #endif
| #ifdef HAVE_INTTYPES_H
| # include <inttypes.h>
| #endif
| #ifdef HAVE_STDINT_H
| # include <stdint.h>
| #endif
| #ifdef HAVE_UNISTD_H
| # include <unistd.h>
| #endif
| int
| main ()
| {
| #ifndef AF_CAN
| #ifdef __cplusplus
|   (void) AF_CAN;
| #else
|   (void) AF_CAN;
| #endif
| #endif
| 
|   ;
|   return 0;
| }
configure:12653: result: no
configure:12663: checking whether N_SLCAN is declared
configure:12663: gcc -c  -Wall  conftest.c >&5
conftest.c: In function 'main':
conftest.c:99:10: error: 'N_SLCAN' undeclared (first use in this function)
conftest.c:99:10: note: each undeclared identifier is reported only once for each function it appears in
configure:12663: $? = 1
configure: failed program was:
| /* confdefs.h */
| #define PACKAGE_NAME "can-utils"
| #define PACKAGE_TARNAME "can-utils"
| #define PACKAGE_VERSION "trunk"
| #define PACKAGE_STRING "can-utils trunk"
| #define PACKAGE_BUGREPORT "linux-can@vger.kernel.org"
| #define PACKAGE_URL ""
| #define STDC_HEADERS 1
| #define HAVE_SYS_TYPES_H 1
| #define HAVE_SYS_STAT_H 1
| #define HAVE_STDLIB_H 1
| #define HAVE_STRING_H 1
| #define HAVE_MEMORY_H 1
| #define HAVE_STRINGS_H 1
| #define HAVE_INTTYPES_H 1
| #define HAVE_STDINT_H 1
| #define HAVE_UNISTD_H 1
| #define HAVE_DLFCN_H 1
| #define LT_OBJDIR ".libs/"
| #define PACKAGE "can-utils"
| #define VERSION "trunk"
| #define HAVE_FCNTL_H 1
| #define HAVE_LIMITS_H 1
| #define HAVE_LOCALE_H 1
| #define HAVE_STDINT_H 1
| #define HAVE_STDLIB_H 1
| #define HAVE_STRING_H 1
| #define HAVE_SYSLOG_H 1
| #define HAVE_TERMIOS_H 1
| #define HAVE_UNISTD_H 1
| #define HAVE_NETINET_IN_H 1
| #define HAVE_SYS_IOCTL_H 1
| #define HAVE_SYS_SOCKET_H 1
| #define HAVE_SYS_TIME_H 1
| #define _FILE_OFFSET_BITS 64
| #define HAVE_FORK 1
| #define HAVE_VFORK 1
| #define HAVE_WORKING_VFORK 1
| #define HAVE_WORKING_FORK 1
| #define TIME_WITH_SYS_TIME 1
| #define HAVE_SYS_TIME_H 1
| #define HAVE_UNISTD_H 1
| #define HAVE_ALARM 1
| #define HAVE_ALARM 1
| #define HAVE_GETTIMEOFDAY 1
| #define HAVE_LOCALTIME_R 1
| #define HAVE_MEMSET 1
| #define HAVE_SELECT 1
| #define HAVE_SETLOCALE 1
| #define HAVE_SOCKET 1
| #define HAVE_STRCHR 1
| #define HAVE_STRERROR 1
| #define HAVE_STRSTR 1
| #define HAVE_STRTOUL 1
| #define SO_RXQ_OVFL 40
| #define PF_CAN 29
| #define AF_CAN PF_CAN
| /* end confdefs.h.  */
| #include <stdio.h>
| #ifdef HAVE_SYS_TYPES_H
| # include <sys/types.h>
| #endif
| #ifdef HAVE_SYS_STAT_H
| # include <sys/stat.h>
| #endif
| #ifdef STDC_HEADERS
| # include <stdlib.h>
| # include <stddef.h>
| #else
| # ifdef HAVE_STDLIB_H
| #  include <stdlib.h>
| # endif
| #endif
| #ifdef HAVE_STRING_H
| # if !defined STDC_HEADERS && defined HAVE_MEMORY_H
| #  include <memory.h>
| # endif
| # include <string.h>
| #endif
| #ifdef HAVE_STRINGS_H
| # include <strings.h>
| #endif
| #ifdef HAVE_INTTYPES_H
| # include <inttypes.h>
| #endif
| #ifdef HAVE_STDINT_H
| # include <stdint.h>
| #endif
| #ifdef HAVE_UNISTD_H
| # include <unistd.h>
| #endif
| int
| main ()
| {
| #ifndef N_SLCAN
| #ifdef __cplusplus
|   (void) N_SLCAN;
| #else
|   (void) N_SLCAN;
| #endif
| #endif
| 
|   ;
|   return 0;
| }
configure:12663: result: no
configure:12678: checking whether to enable debugging
configure:12690: result: no
configure:12870: creating ./config.status

## ---------------------- ##
## Running config.status. ##
## ---------------------- ##

This file was extended by can-utils config.status trunk, which was
generated by GNU Autoconf 2.69.  Invocation command line was

  CONFIG_FILES    = 
  CONFIG_HEADERS  = 
  CONFIG_LINKS    = 
  CONFIG_COMMANDS = 
  $ ./config.status 

on raspberrypi

config.status:1009: creating GNUmakefile
config.status:1181: executing libtool commands
config.status:1181: executing depfiles commands

## ---------------- ##
## Cache variables. ##
## ---------------- ##

ac_cv_build=armv7l-unknown-linux-gnueabihf
ac_cv_c_compiler_gnu=yes
ac_cv_c_inline=inline
ac_cv_c_uint64_t=yes
ac_cv_env_CC_set=
ac_cv_env_CC_value=
ac_cv_env_CFLAGS_set=
ac_cv_env_CFLAGS_value=
ac_cv_env_CPPFLAGS_set=
ac_cv_env_CPPFLAGS_value=
ac_cv_env_CPP_set=
ac_cv_env_CPP_value=
ac_cv_env_LDFLAGS_set=
ac_cv_env_LDFLAGS_value=
ac_cv_env_LIBS_set=
ac_cv_env_LIBS_value=
ac_cv_env_build_alias_set=
ac_cv_env_build_alias_value=
ac_cv_env_host_alias_set=
ac_cv_env_host_alias_value=
ac_cv_env_target_alias_set=
ac_cv_env_target_alias_value=
ac_cv_func_alarm=yes
ac_cv_func_fork=yes
ac_cv_func_fork_works=yes
ac_cv_func_gettimeofday=yes
ac_cv_func_localtime_r=yes
ac_cv_func_memset=yes
ac_cv_func_select=yes
ac_cv_func_setlocale=yes
ac_cv_func_socket=yes
ac_cv_func_strchr=yes
ac_cv_func_strerror=yes
ac_cv_func_strstr=yes
ac_cv_func_strtoul=yes
ac_cv_func_vfork=yes
ac_cv_func_vfork_works=yes
ac_cv_func_working_mktime=yes
ac_cv_have_decl_AF_CAN=no
ac_cv_have_decl_N_SLCAN=no
ac_cv_have_decl_PF_CAN=no
ac_cv_have_decl_SO_RXQ_OVFL=no
ac_cv_header_dlfcn_h=yes
ac_cv_header_fcntl_h=yes
ac_cv_header_inttypes_h=yes
ac_cv_header_limits_h=yes
ac_cv_header_locale_h=yes
ac_cv_header_memory_h=yes
ac_cv_header_netinet_in_h=yes
ac_cv_header_stdc=yes
ac_cv_header_stdint_h=yes
ac_cv_header_stdlib_h=yes
ac_cv_header_string_h=yes
ac_cv_header_strings_h=yes
ac_cv_header_sys_ioctl_h=yes
ac_cv_header_sys_socket_h=yes
ac_cv_header_sys_stat_h=yes
ac_cv_header_sys_time_h=yes
ac_cv_header_sys_types_h=yes
ac_cv_header_syslog_h=yes
ac_cv_header_termios_h=yes
ac_cv_header_time=yes
ac_cv_header_unistd_h=yes
ac_cv_header_vfork_h=no
ac_cv_host=armv7l-unknown-linux-gnueabihf
ac_cv_objext=o
ac_cv_path_EGREP='/bin/grep -E'
ac_cv_path_FGREP='/bin/grep -F'
ac_cv_path_GREP=/bin/grep
ac_cv_path_SED=/bin/sed
ac_cv_path_install='/usr/bin/install -c'
ac_cv_path_mkdir=/bin/mkdir
ac_cv_prog_AWK=mawk
ac_cv_prog_CPP='gcc -E'
ac_cv_prog_ac_ct_AR=ar
ac_cv_prog_ac_ct_CC=gcc
ac_cv_prog_ac_ct_MANIFEST_TOOL=mt
ac_cv_prog_ac_ct_OBJDUMP=objdump
ac_cv_prog_ac_ct_RANLIB=ranlib
ac_cv_prog_ac_ct_STRIP=strip
ac_cv_prog_cc_c89=
ac_cv_prog_cc_g=yes
ac_cv_prog_make_make_set=yes
ac_cv_sys_file_offset_bits=64
ac_cv_sys_largefile_CC=no
ac_cv_type_off_t=yes
ac_cv_type_pid_t=yes
am_cv_CC_dependencies_compiler_type=gcc3
am_cv_make_support_nested_variables=yes
lt_cv_ar_at_file=@
lt_cv_archive_cmds_need_lc=no
lt_cv_deplibs_check_method=pass_all
lt_cv_file_magic_cmd='$MAGIC_CMD'
lt_cv_file_magic_test_file=
lt_cv_ld_reload_flag=-r
lt_cv_nm_interface='BSD nm'
lt_cv_objdir=.libs
lt_cv_path_LD=/usr/bin/ld
lt_cv_path_NM='/usr/bin/nm -B'
lt_cv_path_mainfest_tool=no
lt_cv_prog_compiler_c_o=yes
lt_cv_prog_compiler_pic='-fPIC -DPIC'
lt_cv_prog_compiler_pic_works=yes
lt_cv_prog_compiler_rtti_exceptions=no
lt_cv_prog_compiler_static_works=yes
lt_cv_prog_gnu_ld=yes
lt_cv_sharedlib_from_linklib_cmd='printf %s\n'
lt_cv_shlibpath_overrides_runpath=no
lt_cv_sys_global_symbol_pipe='sed -n -e '\''s/^.*[	 ]\([ABCDGIRSTW][ABCDGIRSTW]*\)[	 ][	 ]*\([_A-Za-z][_A-Za-z0-9]*\)$/\1 \2 \2/p'\'' | sed '\''/ __gnu_lto/d'\'''
lt_cv_sys_global_symbol_to_c_name_address='sed -n -e '\''s/^: \([^ ]*\)[ ]*$/  {\"\1\", (void *) 0},/p'\'' -e '\''s/^[ABCDGIRSTW]* \([^ ]*\) \([^ ]*\)$/  {"\2", (void *) \&\2},/p'\'''
lt_cv_sys_global_symbol_to_c_name_address_lib_prefix='sed -n -e '\''s/^: \([^ ]*\)[ ]*$/  {\"\1\", (void *) 0},/p'\'' -e '\''s/^[ABCDGIRSTW]* \([^ ]*\) \(lib[^ ]*\)$/  {"\2", (void *) \&\2},/p'\'' -e '\''s/^[ABCDGIRSTW]* \([^ ]*\) \([^ ]*\)$/  {"lib\2", (void *) \&\2},/p'\'''
lt_cv_sys_global_symbol_to_cdecl='sed -n -e '\''s/^T .* \(.*\)$/extern int \1();/p'\'' -e '\''s/^[ABCDGIRSTW]* .* \(.*\)$/extern char \1;/p'\'''
lt_cv_sys_max_cmd_len=1572864
lt_cv_to_host_file_cmd=func_convert_file_noop
lt_cv_to_tool_file_cmd=func_convert_file_noop

## ----------------- ##
## Output variables. ##
## ----------------- ##

ACLOCAL='${SHELL} /home/pi/can-utils/config/autoconf/missing --run aclocal-1.11'
AMDEPBACKSLASH='\'
AMDEP_FALSE='#'
AMDEP_TRUE=''
AMTAR='$${TAR-tar}'
AM_BACKSLASH='\'
AM_DEFAULT_V='$(AM_DEFAULT_VERBOSITY)'
AM_DEFAULT_VERBOSITY='0'
AM_V='$(V)'
AR='ar'
AS='as'
AUTOCONF='${SHELL} /home/pi/can-utils/config/autoconf/missing --run autoconf'
AUTOHEADER='${SHELL} /home/pi/can-utils/config/autoconf/missing --run autoheader'
AUTOMAKE='${SHELL} /home/pi/can-utils/config/autoconf/missing --run automake-1.11'
AWK='mawk'
CC='gcc'
CCDEPMODE='depmode=gcc3'
CFLAGS=' -Wall -O2'
CPP='gcc -E'
CPPFLAGS=''
CYGPATH_W='echo'
DEFS='-DPACKAGE_NAME=\"can-utils\" -DPACKAGE_TARNAME=\"can-utils\" -DPACKAGE_VERSION=\"trunk\" -DPACKAGE_STRING=\"can-utils\ trunk\" -DPACKAGE_BUGREPORT=\"linux-can@vger.kernel.org\" -DPACKAGE_URL=\"\" -DSTDC_HEADERS=1 -DHAVE_SYS_TYPES_H=1 -DHAVE_SYS_STAT_H=1 -DHAVE_STDLIB_H=1 -DHAVE_STRING_H=1 -DHAVE_MEMORY_H=1 -DHAVE_STRINGS_H=1 -DHAVE_INTTYPES_H=1 -DHAVE_STDINT_H=1 -DHAVE_UNISTD_H=1 -DHAVE_DLFCN_H=1 -DLT_OBJDIR=\".libs/\" -DPACKAGE=\"can-utils\" -DVERSION=\"trunk\" -DHAVE_FCNTL_H=1 -DHAVE_LIMITS_H=1 -DHAVE_LOCALE_H=1 -DHAVE_STDINT_H=1 -DHAVE_STDLIB_H=1 -DHAVE_STRING_H=1 -DHAVE_SYSLOG_H=1 -DHAVE_TERMIOS_H=1 -DHAVE_UNISTD_H=1 -DHAVE_NETINET_IN_H=1 -DHAVE_SYS_IOCTL_H=1 -DHAVE_SYS_SOCKET_H=1 -DHAVE_SYS_TIME_H=1 -D_FILE_OFFSET_BITS=64 -DHAVE_FORK=1 -DHAVE_VFORK=1 -DHAVE_WORKING_VFORK=1 -DHAVE_WORKING_FORK=1 -DTIME_WITH_SYS_TIME=1 -DHAVE_SYS_TIME_H=1 -DHAVE_UNISTD_H=1 -DHAVE_ALARM=1 -DHAVE_ALARM=1 -DHAVE_GETTIMEOFDAY=1 -DHAVE_LOCALTIME_R=1 -DHAVE_MEMSET=1 -DHAVE_SELECT=1 -DHAVE_SETLOCALE=1 -DHAVE_SOCKET=1 -DHAVE_STRCHR=1 -DHAVE_STRERROR=1 -DHAVE_STRSTR=1 -DHAVE_STRTOUL=1 -DSO_RXQ_OVFL=40 -DPF_CAN=29 -DAF_CAN=PF_CAN -DN_SLCAN=17'
DEPDIR='.deps'
DLLTOOL='false'
DSYMUTIL=''
DUMPBIN=''
ECHO_C=''
ECHO_N='-n'
ECHO_T=''
EGREP='/bin/grep -E'
EXEEXT=''
FGREP='/bin/grep -F'
GREP='/bin/grep'
INSTALL_DATA='${INSTALL} -m 644'
INSTALL_PROGRAM='${INSTALL}'
INSTALL_SCRIPT='${INSTALL}'
INSTALL_STRIP_PROGRAM='$(install_sh) -c -s'
LD='/usr/bin/ld'
LDFLAGS=''
LIBOBJS=''
LIBS=''
LIBTOOL='$(SHELL) $(top_builddir)/libtool'
LIPO=''
LN_S='ln -s'
LTLIBOBJS=''
MAKEINFO='${SHELL} /home/pi/can-utils/config/autoconf/missing --run makeinfo'
MANIFEST_TOOL=':'
MKDIR_P='/bin/mkdir -p'
NM='/usr/bin/nm -B'
NMEDIT=''
OBJDUMP='objdump'
OBJEXT='o'
OTOOL64=''
OTOOL=''
PACKAGE='can-utils'
PACKAGE_BUGREPORT='linux-can@vger.kernel.org'
PACKAGE_NAME='can-utils'
PACKAGE_STRING='can-utils trunk'
PACKAGE_TARNAME='can-utils'
PACKAGE_URL=''
PACKAGE_VERSION='trunk'
PATH_SEPARATOR=':'
RANLIB='ranlib'
SED='/bin/sed'
SET_MAKE=''
SHELL='/bin/bash'
STRIP='strip'
VERSION='trunk'
ac_ct_AR='ar'
ac_ct_CC='gcc'
ac_ct_DUMPBIN=''
am__EXEEXT_FALSE=''
am__EXEEXT_TRUE='#'
am__fastdepCC_FALSE='#'
am__fastdepCC_TRUE=''
am__include='include'
am__isrc=''
am__leading_dot='.'
am__nodep='_no'
am__quote=''
am__tar='$${TAR-tar} chof - "$$tardir"'
am__untar='$${TAR-tar} xf -'
bindir='${exec_prefix}/bin'
build='armv7l-unknown-linux-gnueabihf'
build_alias=''
build_cpu='armv7l'
build_os='linux-gnueabihf'
build_vendor='unknown'
datadir='${datarootdir}'
datarootdir='${prefix}/share'
docdir='${datarootdir}/doc/${PACKAGE_TARNAME}'
dvidir='${docdir}'
exec_prefix='${prefix}'
host='armv7l-unknown-linux-gnueabihf'
host_alias=''
host_cpu='armv7l'
host_os='linux-gnueabihf'
host_vendor='unknown'
htmldir='${docdir}'
includedir='${prefix}/include'
infodir='${datarootdir}/info'
install_sh='${SHELL} /home/pi/can-utils/config/autoconf/install-sh'
libdir='${exec_prefix}/lib'
libexecdir='${exec_prefix}/libexec'
localedir='${datarootdir}/locale'
localstatedir='${prefix}/var'
mandir='${datarootdir}/man'
mkdir_p='/bin/mkdir -p'
oldincludedir='/usr/include'
pdfdir='${docdir}'
prefix='/usr/local'
program_transform_name='s,x,x,'
psdir='${docdir}'
sbindir='${exec_prefix}/sbin'
sharedstatedir='${prefix}/com'
sysconfdir='${prefix}/etc'
target_alias=''

## ----------- ##
## confdefs.h. ##
## ----------- ##

/* confdefs.h */
#define PACKAGE_NAME "can-utils"
#define PACKAGE_TARNAME "can-utils"
#define PACKAGE_VERSION "trunk"
#define PACKAGE_STRING "can-utils trunk"
#define PACKAGE_BUGREPORT "linux-can@vger.kernel.org"
#define PACKAGE_URL ""
#define STDC_HEADERS 1
#define HAVE_SYS_TYPES_H 1
#define HAVE_SYS_STAT_H 1
#define HAVE_STDLIB_H 1
#define HAVE_STRING_H 1
#define HAVE_MEMORY_H 1
#define HAVE_STRINGS_H 1
#define HAVE_INTTYPES_H 1
#define HAVE_STDINT_H 1
#define HAVE_UNISTD_H 1
#define HAVE_DLFCN_H 1
#define LT_OBJDIR ".libs/"
#define PACKAGE "can-utils"
#define VERSION "trunk"
#define HAVE_FCNTL_H 1
#define HAVE_LIMITS_H 1
#define HAVE_LOCALE_H 1
#define HAVE_STDINT_H 1
#define HAVE_STDLIB_H 1
#define HAVE_STRING_H 1
#define HAVE_SYSLOG_H 1
#define HAVE_TERMIOS_H 1
#define HAVE_UNISTD_H 1
#define HAVE_NETINET_IN_H 1
#define HAVE_SYS_IOCTL_H 1
#define HAVE_SYS_SOCKET_H 1
#define HAVE_SYS_TIME_H 1
#define _FILE_OFFSET_BITS 64
#define HAVE_FORK 1
#define HAVE_VFORK 1
#define HAVE_WORKING_VFORK 1
#define HAVE_WORKING_FORK 1
#define TIME_WITH_SYS_TIME 1
#define HAVE_SYS_TIME_H 1
#define HAVE_UNISTD_H 1
#define HAVE_ALARM 1
#define HAVE_ALARM 1
#define HAVE_GETTIMEOFDAY 1
#define HAVE_LOCALTIME_R 1
#define HAVE_MEMSET 1
#define HAVE_SELECT 1
#define HAVE_SETLOCALE 1
#define HAVE_SOCKET 1
#define HAVE_STRCHR 1
#define HAVE_STRERROR 1
#define HAVE_STRSTR 1
#define HAVE_STRTOUL 1
#define SO_RXQ_OVFL 40
#define PF_CAN 29
#define AF_CAN PF_CAN
#define N_SLCAN 17

configure: exit 0
